2020-10-07 20:07:05 +0000  Initial pipeline context: <IDEDistributionProcessingPipelineContext: 0x7fc4e25cb5c0; archive(resolved)='<IDEArchive: 0x7fc4dcf437a0>', distributionTask(resolved)='2', distributionDestination(resolved)='1', distributionMethod(resolved)='<IDEDistributionMethodDevelopmentSigned: 0x7fc4ee3b5720>', team(resolved)='<IDEProvisioningDisambiguatableBasicTeam: 0x7fc4d9412300; teamID='C6EJGQWN32', teamName='Movingdots GmbH', teamType='Company', username='apps@akquinet-telematik.de', isFreeProvisioningTeam='0'>'>
	Chain (14, self inclusive):
	<IDEDistributionProcessingPipelineContext: 0x7fc4e25cb5c0; archive = '<IDEArchive: 0x7fc4dcf437a0>', distributionMethod='<IDEDistributionMethodDevelopmentSigned: 0x7fc4ee3b5720>', team='<IDEProvisioningDisambiguatableBasicTeam: 0x7fc4d9412300; teamID='C6EJGQWN32', teamName='Movingdots GmbH', teamType='Company', username='apps@akquinet-telematik.de', isFreeProvisioningTeam='0'>'>
	<IDEDistributionProcessingPipelineContext: 0x7fc4e25d9f20; archive = '<IDEArchive: 0x7fc4dcf437a0>', distributionMethod='<IDEDistributionMethodDevelopmentSigned: 0x7fc4ee3b5720>', team='<IDEProvisioningDisambiguatableBasicTeam: 0x7fc4d9412300; teamID='C6EJGQWN32', teamName='Movingdots GmbH', teamType='Company', username='apps@akquinet-telematik.de', isFreeProvisioningTeam='0'>'>
	<IDEDistributionContext: 0x7fc4e1b10b70; archive = '<IDEArchive: 0x7fc4dcf437a0>', distributionMethod='<IDEDistributionMethodDevelopmentSigned: 0x7fc4ee3b5720>', team='<IDEProvisioningDisambiguatableBasicTeam: 0x7fc4d9412300; teamID='C6EJGQWN32', teamName='Movingdots GmbH', teamType='Company', username='apps@akquinet-telematik.de', isFreeProvisioningTeam='0'>'>
	<IDEDistributionContext: 0x7fc4e25e03d0; archive = '<IDEArchive: 0x7fc4dcf437a0>', distributionMethod='<IDEDistributionMethodDevelopmentSigned: 0x7fc4ee3b5720>', team='<IDEProvisioningDisambiguatableBasicTeam: 0x7fc4d9412300; teamID='C6EJGQWN32', teamName='Movingdots GmbH', teamType='Company', username='apps@akquinet-telematik.de', isFreeProvisioningTeam='0'>'>
	<IDEDistributionContext: 0x7fc4e25e6090; archive = '<IDEArchive: 0x7fc4dcf437a0>', distributionMethod='<IDEDistributionMethodDevelopmentSigned: 0x7fc4ee3b5720>', team='<IDEProvisioningDisambiguatableBasicTeam: 0x7fc4d9412300; teamID='C6EJGQWN32', teamName='Movingdots GmbH', teamType='Company', username='apps@akquinet-telematik.de', isFreeProvisioningTeam='0'>'>
	<IDEDistributionContext: 0x7fc4e14978d0; archive = '<IDEArchive: 0x7fc4dcf437a0>', distributionMethod='<IDEDistributionMethodDevelopmentSigned: 0x7fc4ee3b5720>', team='<IDEProvisioningDisambiguatableBasicTeam: 0x7fc4d9412300; teamID='C6EJGQWN32', teamName='Movingdots GmbH', teamType='Company', username='apps@akquinet-telematik.de', isFreeProvisioningTeam='0'>'>
	<IDEDistributionContext: 0x7fc4e24329e0; archive = '<IDEArchive: 0x7fc4dcf437a0>', distributionMethod='<IDEDistributionMethodDevelopmentSigned: 0x7fc4ee3b5720>', team='<IDEProvisioningDisambiguatableBasicTeam: 0x7fc4d9412300; teamID='C6EJGQWN32', teamName='Movingdots GmbH', teamType='Company', username='apps@akquinet-telematik.de', isFreeProvisioningTeam='0'>'>
	<IDEDistributionContext: 0x7fc4e2372860; archive = '<IDEArchive: 0x7fc4dcf437a0>', distributionMethod='<IDEDistributionMethodDevelopmentSigned: 0x7fc4ee3b5720>', team='<IDEProvisioningDisambiguatableBasicTeam: 0x7fc4d9412300; teamID='C6EJGQWN32', teamName='Movingdots GmbH', teamType='Company', username='apps@akquinet-telematik.de', isFreeProvisioningTeam='0'>'>
	<IDEDistributionContext: 0x7fc4e241c080; archive = '<IDEArchive: 0x7fc4dcf437a0>', distributionMethod='<IDEDistributionMethodDevelopmentSigned: 0x7fc4ee3b5720>', team='<IDEProvisioningDisambiguatableBasicTeam: 0x7fc4d9412300; teamID='C6EJGQWN32', teamName='Movingdots GmbH', teamType='Company', username='apps@akquinet-telematik.de', isFreeProvisioningTeam='0'>'>
	<IDEDistributionContext: 0x7fc4dfa5c690; archive = '<IDEArchive: 0x7fc4dcf437a0>', distributionMethod='<IDEDistributionMethodDevelopmentSigned: 0x7fc4ee3b5720>', team='(null)'>
	<IDEDistributionContext: 0x7fc4df81d930; archive = '<IDEArchive: 0x7fc4e07c27c0>', distributionMethod='<IDEDistributionMethodDevelopmentSigned: 0x7fc4ee3b5720>', team='(null)'>
	<IDEDistributionContext: 0x7fc4e24567a0; archive = '<IDEArchive: 0x7fc4e07c27c0>', distributionMethod='<IDEDistributionMethodDevelopmentSigned: 0x7fc4ee3b5720>', team='(null)'>
	<IDEDistributionContext: 0x7fc4e117c990; archive = '<IDEArchive: 0x7fc4e07c27c0>', distributionMethod='<IDEDistributionMethodDevelopmentSigned: 0x7fc4ee3b5720>', team='(null)'>
	<IDEDistributionContext: 0x7fc4e234dba0; archive = '<IDEArchive: 0x7fc4e07c27c0>', distributionMethod='(null)', team='(null)'>
</IDEDistributionProcessingPipelineContext: 0x7fc4e25cb5c0>
2020-10-07 20:07:05 +0000  Processing step: IDEDistributionCreateDestRootStep
2020-10-07 20:07:05 +0000  Processing step: IDEDistributionCopyItemStep
2020-10-07 20:07:05 +0000  Running /usr/bin/ditto '-V' '/var/folders/mq/v9r33fv920j277jb59t0xw200000gn/T/XcodeDistPipeline.~~~OIAFKy/AppClipRemoverSupport.~~~MLMs0R/CoolApp 07.10.20, 22.05.xcarchive/Products/Applications/CoolApp.app' '/var/folders/mq/v9r33fv920j277jb59t0xw200000gn/T/XcodeDistPipeline.~~~OIAFKy/Root/Payload/CoolApp.app'
2020-10-07 20:07:05 +0000  >>> Copying /var/folders/mq/v9r33fv920j277jb59t0xw200000gn/T/XcodeDistPipeline.~~~OIAFKy/AppClipRemoverSupport.~~~MLMs0R/CoolApp 07.10.20, 22.05.xcarchive/Products/Applications/CoolApp.app 
2020-10-07 20:07:05 +0000  copying file ./_CodeSignature/CodeResources ... 
2020-10-07 20:07:05 +0000  7925 bytes for ./_CodeSignature/CodeResources
2020-10-07 20:07:05 +0000  copying file ./CoolApp ... 
2020-10-07 20:07:05 +0000  90944 bytes for ./CoolApp
copying file ./embedded.mobileprovision ... 
2020-10-07 20:07:05 +0000  22006 bytes for ./embedded.mobileprovision
copying file ./Info.plist ... 
2020-10-07 20:07:05 +0000  1191 bytes for ./Info.plist
copying file ./PkgInfo ... 
2020-10-07 20:07:05 +0000  8 bytes for ./PkgInfo
2020-10-07 20:07:05 +0000  /usr/bin/ditto exited with 0
2020-10-07 20:07:05 +0000  Processing step: IDEDistributionEmbedProfileStep
2020-10-07 20:07:05 +0000  Processing step: IDEDistributionInfoPlistStep
2020-10-07 20:07:05 +0000  Skipping step: IDEDistributionInfoPlistStep because it said so
2020-10-07 20:07:05 +0000  Processing step: IDEDistributionAppThinningPlistStep
2020-10-07 20:07:05 +0000  Skipping step: IDEDistributionAppThinningPlistStep because it said so
2020-10-07 20:07:05 +0000  Processing step: IDEDistributionCompileBitcodeStep
2020-10-07 20:07:05 +0000  Skipping step: IDEDistributionCompileBitcodeStep because it said so
2020-10-07 20:07:05 +0000  Processing step: IDEDistributionCodeSlimmingStep
2020-10-07 20:07:05 +0000  Processing step: IDEDistributionCopyBCSymbolMapsStep
2020-10-07 20:07:05 +0000  Skipping step: IDEDistributionCopyBCSymbolMapsStep because it said so
2020-10-07 20:07:05 +0000  Processing step: IDEDistributionSymbolsStep
2020-10-07 20:07:05 +0000  Skipping step: IDEDistributionSymbolsStep because it said so
2020-10-07 20:07:05 +0000  Processing step: IDEDistributionAppThinningStep
2020-10-07 20:07:05 +0000  Skipping step: IDEDistributionAppThinningStep because it said so
2020-10-07 20:07:05 +0000  Processing step: IDEDistributionArchThinningStep
2020-10-07 20:07:05 +0000  Running /Applications/Xcode.app/Contents/Developer/Toolchains/XcodeDefault.xctoolchain/usr/bin/lipo '/var/folders/mq/v9r33fv920j277jb59t0xw200000gn/T/XcodeDistPipeline.~~~OIAFKy/Root/Payload/CoolApp.app/CoolApp' '-verify_arch' 'arm64e'
2020-10-07 20:07:05 +0000  /Applications/Xcode.app/Contents/Developer/Toolchains/XcodeDefault.xctoolchain/usr/bin/lipo exited with 1
2020-10-07 20:07:05 +0000  Skipping architecture thinning for item "CoolApp" because arch "arm64e" wasn't found
2020-10-07 20:07:05 +0000  Processing step: IDEDistributionODRStep
2020-10-07 20:07:05 +0000  Processing step: IDEDistributionStripXattrsStep
2020-10-07 20:07:05 +0000  Running /usr/bin/xattr '-crs' '/var/folders/mq/v9r33fv920j277jb59t0xw200000gn/T/XcodeDistPipeline.~~~OIAFKy/Root/Payload/CoolApp.app'
2020-10-07 20:07:05 +0000  /usr/bin/xattr exited with 0
2020-10-07 20:07:05 +0000  Processing step: IDEDistributionCodesignStep
2020-10-07 20:07:05 +0000  Entitlements for <IDEDistributionItem: 0x7fc5171e0310; bundleID='com.swissre.dev.smart.claim', path='<DVTFilePath:0x7fc517c06eb0:'/var/folders/mq/v9r33fv920j277jb59t0xw200000gn/T/XcodeDistPipeline.~~~OIAFKy/AppClipRemoverSupport.~~~MLMs0R/CoolApp 07.10.20, 22.05.xcarchive/Products/Applications/CoolApp.app'>', codeSigningInfo='<_DVTCodeSigningInformation_Path: 0x7fc4d943f800; isSigned='1', isAdHocSigned='0', signingCertificate='<DVTSigningCertificate: 0x7fc4e18d7f50; name='Apple Development: Anke Henning (F7T464KRAM)', hash='32524CA1904DF8902961361A92CB78CECF425DA9', serialNumber='<DVTSigningCertificateSerialNumber: 0x7fc4e2338970>', certificateKinds='(
    "1.2.840.113635.100.6.1.12",
    "1.2.840.113635.100.6.1.2"
), issueDate='2020-08-14 13:49:22 +0000''>', entitlements='{
    "application-identifier" = "C6EJGQWN32.com.swissre.dev.smart.claim";
    "com.apple.developer.team-identifier" = C6EJGQWN32;
    "get-task-allow" = 1;
    "keychain-access-groups" =     (
        "C6EJGQWN32.com.swissre.dev.smart.claim"
    );
}', teamID='C6EJGQWN32', identifier='com.swissre.dev.smart.claim', executablePath='<DVTFilePath:0x7fc51b81f0a0:'/var/folders/mq/v9r33fv920j277jb59t0xw200000gn/T/XcodeDistPipeline.~~~OIAFKy/AppClipRemoverSupport.~~~MLMs0R/CoolApp 07.10.20, 22.05.xcarchive/Products/Applications/CoolApp.app/CoolApp'>', hardenedRuntime='0'>'>: {
    "application-identifier" = "C6EJGQWN32.com.swissre.dev.smart.claim";
    "com.apple.developer.team-identifier" = C6EJGQWN32;
    "get-task-allow" = 1;
    "keychain-access-groups" =     (
        "C6EJGQWN32.com.swissre.dev.smart.claim"
    );
}
2020-10-07 20:07:05 +0000  Writing entitlements for <IDEDistributionItem: 0x7fc5171e0310; bundleID='com.swissre.dev.smart.claim', path='<DVTFilePath:0x7fc517c06eb0:'/var/folders/mq/v9r33fv920j277jb59t0xw200000gn/T/XcodeDistPipeline.~~~OIAFKy/AppClipRemoverSupport.~~~MLMs0R/CoolApp 07.10.20, 22.05.xcarchive/Products/Applications/CoolApp.app'>', codeSigningInfo='<_DVTCodeSigningInformation_Path: 0x7fc4d943f800; isSigned='1', isAdHocSigned='0', signingCertificate='<DVTSigningCertificate: 0x7fc4e25da130; name='Apple Development: Anke Henning (F7T464KRAM)', hash='32524CA1904DF8902961361A92CB78CECF425DA9', serialNumber='<DVTSigningCertificateSerialNumber: 0x7fc4e1b3eed0>', certificateKinds='(
    "1.2.840.113635.100.6.1.12",
    "1.2.840.113635.100.6.1.2"
), issueDate='2020-08-14 13:49:22 +0000''>', entitlements='{
    "application-identifier" = "C6EJGQWN32.com.swissre.dev.smart.claim";
    "com.apple.developer.team-identifier" = C6EJGQWN32;
    "get-task-allow" = 1;
    "keychain-access-groups" =     (
        "C6EJGQWN32.com.swissre.dev.smart.claim"
    );
}', teamID='C6EJGQWN32', identifier='com.swissre.dev.smart.claim', executablePath='<DVTFilePath:0x7fc51b81f0a0:'/var/folders/mq/v9r33fv920j277jb59t0xw200000gn/T/XcodeDistPipeline.~~~OIAFKy/AppClipRemoverSupport.~~~MLMs0R/CoolApp 07.10.20, 22.05.xcarchive/Products/Applications/CoolApp.app/CoolApp'>', hardenedRuntime='0'>'> to: /var/folders/mq/v9r33fv920j277jb59t0xw200000gn/T/XcodeDistPipeline.~~~OIAFKy/entitlements~~~6uYf3U
2020-10-07 20:07:05 +0000  Running /usr/bin/codesign '-vvv' '--force' '--sign' '32524CA1904DF8902961361A92CB78CECF425DA9' '--entitlements' '/var/folders/mq/v9r33fv920j277jb59t0xw200000gn/T/XcodeDistPipeline.~~~OIAFKy/entitlements~~~6uYf3U' '--preserve-metadata=identifier,flags,runtime' '/var/folders/mq/v9r33fv920j277jb59t0xw200000gn/T/XcodeDistPipeline.~~~OIAFKy/Root/Payload/CoolApp.app'
2020-10-07 20:07:05 +0000  /var/folders/mq/v9r33fv920j277jb59t0xw200000gn/T/XcodeDistPipeline.~~~OIAFKy/Root/Payload/CoolApp.app: replacing existing signature
2020-10-07 20:07:05 +0000  /var/folders/mq/v9r33fv920j277jb59t0xw200000gn/T/XcodeDistPipeline.~~~OIAFKy/Root/Payload/CoolApp.app: signed app bundle with Mach-O thin (arm64) [com.swissre.dev.smart.claim]
2020-10-07 20:07:05 +0000  /usr/bin/codesign exited with 0
2020-10-07 20:07:05 +0000  Processing step: IDEDistributionZipODRItemStep
2020-10-07 20:07:05 +0000  Skipping step: IDEDistributionZipODRItemStep because it said so
2020-10-07 20:07:05 +0000  Processing step: IDEDistributionCreateIPAStep
2020-10-07 20:07:05 +0000  Running /usr/bin/ditto '-V' '-c' '-k' '--norsrc' '/var/folders/mq/v9r33fv920j277jb59t0xw200000gn/T/XcodeDistPipeline.~~~OIAFKy/Root' '/var/folders/mq/v9r33fv920j277jb59t0xw200000gn/T/XcodeDistPipeline.~~~OIAFKy/Packages/CoolApp.ipa'
2020-10-07 20:07:05 +0000  >>> Copying /var/folders/mq/v9r33fv920j277jb59t0xw200000gn/T/XcodeDistPipeline.~~~OIAFKy/Root 
2020-10-07 20:07:05 +0000  copying file ./Payload/CoolApp.app/_CodeSignature/CodeResources ... 
2020-10-07 20:07:05 +0000  2111 bytes for ./Payload/CoolApp.app/_CodeSignature/CodeResources
2020-10-07 20:07:05 +0000  copying file ./Payload/CoolApp.app/CoolApp ... 
2020-10-07 20:07:05 +0000  90944 bytes for ./Payload/CoolApp.app/CoolApp
copying file ./Payload/CoolApp.app/embedded.mobileprovision ... 
2020-10-07 20:07:05 +0000  22006 bytes for ./Payload/CoolApp.app/embedded.mobileprovision
copying file ./Payload/CoolApp.app/Info.plist ... 
2020-10-07 20:07:05 +0000  1191 bytes for ./Payload/CoolApp.app/Info.plist
copying file ./Payload/CoolApp.app/PkgInfo ... 
2020-10-07 20:07:05 +0000  8 bytes for ./Payload/CoolApp.app/PkgInfo
2020-10-07 20:07:05 +0000  /usr/bin/ditto exited with 0
2020-10-07 20:07:05 +0000  Processing step: IDEDistributionAppStoreInformationStep
2020-10-07 20:07:05 +0000  Skipping step: IDEDistributionAppStoreInformationStep because it said so
2020-10-07 20:07:05 +0000  Processing step: IDEDistributionGenerateProcessedDistributionItems
2020-10-07 20:07:05 +0000  IDEDistributionItem init <DVTFilePath:0x7fc4d9bbbc80:'/var/folders/mq/v9r33fv920j277jb59t0xw200000gn/T/XcodeDistPipeline.~~~OIAFKy/Root/Payload/CoolApp.app'>
2020-10-07 20:07:05 +0000  Processing step: IDEDistributionCreateManifestStep
